This is pdfTeX, Version 3.14159265-2.6-1.40.19 (MiKTeX 2.9.6840 64-bit) (preloaded format=pdflatex 2019.1.3)  24 MAR 2019 14:13
entering extended mode
**./team.tex
(team.tex
LaTeX2e <2018-04-01> patch level 5
(header.tex
("C:\Users\roman\AppData\Local\Programs\MiKTeX 2.9\tex\latex\base\article.cls"
Document Class: article 2014/09/29 v1.4h Standard LaTeX document class
("C:\Users\roman\AppData\Local\Programs\MiKTeX 2.9\tex\latex\base\size10.clo"
File: size10.clo 2014/09/29 v1.4h Standard LaTeX file (size option)
)
\c@part=\count80
\c@section=\count81
\c@subsection=\count82
\c@subsubsection=\count83
\c@paragraph=\count84
\c@subparagraph=\count85
\c@figure=\count86
\c@table=\count87
\abovecaptionskip=\skip41
\belowcaptionskip=\skip42
\bibindent=\dimen102
) ("C:\Users\roman\AppData\Local\Programs\MiKTeX 2.9\tex\latex\base\inputenc.st
y"
Package: inputenc 2018/04/06 v1.3b Input encoding file
\inpenc@prehook=\toks14
\inpenc@posthook=\toks15
 ("C:\Users\roman\AppData\Local\Programs\MiKTeX 2.9\tex\latex\ucs\utf8x.def"
File: utf8x.def 2004/10/17 UCS: Input encoding UTF-8
)) ("C:\Users\roman\AppData\Local\Programs\MiKTeX 2.9\tex\latex\ucs\ucs.sty"
Package: ucs 2013/05/11 v2.2 UCS: Unicode input support

("C:\Users\roman\AppData\Local\Programs\MiKTeX 2.9\tex\latex\ucs\uni-global.def
"
File: uni-global.def 2013/05/13 UCS: Unicode global data
)
\uc@secondtry=\count88
\uc@combtoks=\toks16
\uc@combtoksb=\toks17
\uc@temptokena=\toks18
)
("C:\Users\roman\AppData\Local\Programs\MiKTeX 2.9\tex\generic\babel\babel.sty"
Package: babel 2018/09/26 3.24 The Babel package
("C:\Users\roman\AppData\Local\Programs\MiKTeX 2.9\tex\generic\babel\switch.def
"
File: switch.def 2018/09/26 3.24 Babel switching mechanism
)
*************************************
* Local config file bblopts.cfg used
*
("C:\Users\roman\AppData\Local\Programs\MiKTeX 2.9\tex\latex\arabi\bblopts.cfg"
File: bblopts.cfg 2005/09/08 v0.1 add Arabic and Farsi to "declared" options of
 babel
)
("C:\Users\roman\AppData\Local\Programs\MiKTeX 2.9\tex\latex\babel-russian\russ
ianb.ldf"
Language: russian 2017/08/12 1.3j Russian support for the Babel system

("C:\Users\roman\AppData\Local\Programs\MiKTeX 2.9\tex\generic\babel\babel.def"
File: babel.def 2018/09/26 3.24 Babel common definitions
\babel@savecnt=\count89
\U@D=\dimen103

("C:\Users\roman\AppData\Local\Programs\MiKTeX 2.9\tex\generic\babel\txtbabel.d
ef")
\bbl@dirlevel=\count90
)

Package babel Warning: No Cyrillic font encoding has been loaded so far.
(babel)                A font encoding should be declared before babel.
(babel)                Default `T2A' encoding will be loaded  on input line 74.



("C:\Users\roman\AppData\Local\Programs\MiKTeX 2.9\tex\latex\cyrillic\t2aenc.de
f"
File: t2aenc.def 2005/09/27 v1.0i Cyrillic encoding definition file
)
Package babel Info: Making " an active character on input line 120.
Package babel Info: Default for \cyrdash is provided on input line 157.
))
("C:\Users\roman\AppData\Local\Programs\MiKTeX 2.9\tex\latex\base\fontenc.sty"
Package: fontenc 2017/04/05 v2.0i Standard LaTeX package

("C:\Users\roman\AppData\Local\Programs\MiKTeX 2.9\tex\latex\base\t1enc.def"
File: t1enc.def 2017/04/05 v2.0i Standard LaTeX file
LaTeX Font Info:    Redeclaring font encoding T1 on input line 48.
))
("C:\Users\roman\AppData\Local\Programs\MiKTeX 2.9\tex\latex\listings\listings.
sty"
("C:\Users\roman\AppData\Local\Programs\MiKTeX 2.9\tex\latex\graphics\keyval.st
y"
Package: keyval 2014/10/28 v1.15 key=value parser (DPC)
\KV@toks@=\toks19
)
\lst@mode=\count91
\lst@gtempboxa=\box26
\lst@token=\toks20
\lst@length=\count92
\lst@currlwidth=\dimen104
\lst@column=\count93
\lst@pos=\count94
\lst@lostspace=\dimen105
\lst@width=\dimen106
\lst@newlines=\count95
\lst@lineno=\count96
\lst@maxwidth=\dimen107

("C:\Users\roman\AppData\Local\Programs\MiKTeX 2.9\tex\latex\listings\lstmisc.s
ty"
File: lstmisc.sty 2018/09/02 1.7 (Carsten Heinz)
\c@lstnumber=\count97
\lst@skipnumbers=\count98
\lst@framebox=\box27
)
("C:\Users\roman\AppData\Local\Programs\MiKTeX 2.9\tex\latex\listings\listings.
cfg"
File: listings.cfg 2018/09/02 1.7 listings configuration
))
Package: listings 2018/09/02 1.7 (Carsten Heinz)

("C:\Users\roman\AppData\Local\Programs\MiKTeX 2.9\tex\latex\comment\comment.st
y"
\CommentStream=\write3
 Excluding comment 'comment')
("C:\Users\roman\AppData\Local\Programs\MiKTeX 2.9\tex\latex\amsfonts\amssymb.s
ty"
Package: amssymb 2013/01/14 v3.01 AMS font symbols

("C:\Users\roman\AppData\Local\Programs\MiKTeX 2.9\tex\latex\amsfonts\amsfonts.
sty"
Package: amsfonts 2013/01/14 v3.01 Basic AMSFonts support
\@emptytoks=\toks21
\symAMSa=\mathgroup4
\symAMSb=\mathgroup5
LaTeX Font Info:    Overwriting math alphabet `\mathfrak' in version `bold'
(Font)                  U/euf/m/n --> U/euf/b/n on input line 106.
))
("C:\Users\roman\AppData\Local\Programs\MiKTeX 2.9\tex\latex\amsmath\amsmath.st
y"
Package: amsmath 2017/09/02 v2.17a AMS math features
\@mathmargin=\skip43

For additional information on amsmath, use the `?' option.

("C:\Users\roman\AppData\Local\Programs\MiKTeX 2.9\tex\latex\amsmath\amstext.st
y"
Package: amstext 2000/06/29 v2.01 AMS text

("C:\Users\roman\AppData\Local\Programs\MiKTeX 2.9\tex\latex\amsmath\amsgen.sty
"
File: amsgen.sty 1999/11/30 v2.0 generic functions
\@emptytoks=\toks22
\ex@=\dimen108
))
("C:\Users\roman\AppData\Local\Programs\MiKTeX 2.9\tex\latex\amsmath\amsbsy.sty
"
Package: amsbsy 1999/11/29 v1.2d Bold Symbols
\pmbraise@=\dimen109
)
("C:\Users\roman\AppData\Local\Programs\MiKTeX 2.9\tex\latex\amsmath\amsopn.sty
"
Package: amsopn 2016/03/08 v2.02 operator names
)
\inf@bad=\count99
LaTeX Info: Redefining \frac on input line 213.
\uproot@=\count100
\leftroot@=\count101
LaTeX Info: Redefining \overline on input line 375.
\classnum@=\count102
\DOTSCASE@=\count103
LaTeX Info: Redefining \ldots on input line 472.
LaTeX Info: Redefining \dots on input line 475.
LaTeX Info: Redefining \cdots on input line 596.
\Mathstrutbox@=\box28
\strutbox@=\box29
\big@size=\dimen110
LaTeX Font Info:    Redeclaring font encoding OML on input line 712.
LaTeX Font Info:    Redeclaring font encoding OMS on input line 713.
\macc@depth=\count104
\c@MaxMatrixCols=\count105
\dotsspace@=\muskip10
\c@parentequation=\count106
\dspbrk@lvl=\count107
\tag@help=\toks23
\row@=\count108
\column@=\count109
\maxfields@=\count110
\andhelp@=\toks24
\eqnshift@=\dimen111
\alignsep@=\dimen112
\tagshift@=\dimen113
\tagwidth@=\dimen114
\totwidth@=\dimen115
\lineht@=\dimen116
\@envbody=\toks25
\multlinegap=\skip44
\multlinetaggap=\skip45
\mathdisplay@stack=\toks26
LaTeX Info: Redefining \[ on input line 2817.
LaTeX Info: Redefining \] on input line 2818.
)
("C:\Users\roman\AppData\Local\Programs\MiKTeX 2.9\tex\latex\xcolor\xcolor.sty"
Package: xcolor 2016/05/11 v2.12 LaTeX color extensions (UK)

("C:\Users\roman\AppData\Local\Programs\MiKTeX 2.9\tex\latex\graphics-cfg\color
.cfg"
File: color.cfg 2016/01/02 v1.6 sample color configuration
)
Package xcolor Info: Driver file: pdftex.def on input line 225.

("C:\Users\roman\AppData\Local\Programs\MiKTeX 2.9\tex\latex\graphics-def\pdfte
x.def"
File: pdftex.def 2018/01/08 v1.0l Graphics/color driver for pdftex
)
Package xcolor Info: Model `cmy' substituted by `cmy0' on input line 1348.
Package xcolor Info: Model `hsb' substituted by `rgb' on input line 1352.
Package xcolor Info: Model `RGB' extended on input line 1364.
Package xcolor Info: Model `HTML' substituted by `rgb' on input line 1366.
Package xcolor Info: Model `Hsb' substituted by `hsb' on input line 1367.
Package xcolor Info: Model `tHsb' substituted by `hsb' on input line 1368.
Package xcolor Info: Model `HSB' substituted by `hsb' on input line 1369.
Package xcolor Info: Model `Gray' substituted by `gray' on input line 1370.
Package xcolor Info: Model `wave' substituted by `hsb' on input line 1371.
)
("C:\Users\roman\AppData\Local\Programs\MiKTeX 2.9\tex\latex\titlesec\titlesec.
sty"
Package: titlesec 2016/03/21 v2.10.2 Sectioning titles
\ttl@box=\box30
\beforetitleunit=\skip46
\aftertitleunit=\skip47
\ttl@plus=\dimen117
\ttl@minus=\dimen118
\ttl@toksa=\toks27
\titlewidth=\dimen119
\titlewidthlast=\dimen120
\titlewidthfirst=\dimen121
)
("C:\Users\roman\AppData\Local\Programs\MiKTeX 2.9\tex\latex\blindtext\blindtex
t.sty"
Package: blindtext 2012/01/06 V2.0 blindtext-Package

("C:\Users\roman\AppData\Local\Programs\MiKTeX 2.9\tex\latex\tools\xspace.sty"
Package: xspace 2014/10/28 v1.13 Space after command names (DPC,MH)
)
\c@blindtext=\count111
\c@Blindtext=\count112
\c@blind@countparstart=\count113
\blind@countxx=\count114
\blindtext@numBlindtext=\count115
\blind@countyy=\count116
\c@blindlist=\count117
\c@blindlistlevel=\count118
\c@blindlist@level=\count119
\blind@listitem=\count120
\c@blind@listcount=\count121
\c@blind@levelcount=\count122
\blind@mathformula=\count123
\blind@Mathformula=\count124
\c@blind@randomcount=\count125
\c@blind@randommax=\count126
\c@blind@pangramcount=\count127
\c@blind@pangrammax=\count128
)
("C:\Users\roman\AppData\Local\Programs\MiKTeX 2.9\tex\latex\graphics\graphicx.
sty"
Package: graphicx 2017/06/01 v1.1a Enhanced LaTeX Graphics (DPC,SPQR)

("C:\Users\roman\AppData\Local\Programs\MiKTeX 2.9\tex\latex\graphics\graphics.
sty"
Package: graphics 2017/06/25 v1.2c Standard LaTeX Graphics (DPC,SPQR)

("C:\Users\roman\AppData\Local\Programs\MiKTeX 2.9\tex\latex\graphics\trig.sty"
Package: trig 2016/01/03 v1.10 sin cos tan (DPC)
)
("C:\Users\roman\AppData\Local\Programs\MiKTeX 2.9\tex\latex\graphics-cfg\graph
ics.cfg"
File: graphics.cfg 2016/06/04 v1.11 sample graphics configuration
)
Package graphics Info: Driver file: pdftex.def on input line 99.
)
\Gin@req@height=\dimen122
\Gin@req@width=\dimen123
)
("C:\Users\roman\AppData\Local\Programs\MiKTeX 2.9\tex\latex\oberdiek\epstopdf.
sty"
Package: epstopdf 2016/05/15 v2.6 Conversion with epstopdf on the fly (HO)

("C:\Users\roman\AppData\Local\Programs\MiKTeX 2.9\tex\latex\oberdiek\epstopdf-
base.sty"
Package: epstopdf-base 2016/05/15 v2.6 Base part for package epstopdf

("C:\Users\roman\AppData\Local\Programs\MiKTeX 2.9\tex\generic\oberdiek\infware
rr.sty"
Package: infwarerr 2016/05/16 v1.4 Providing info/warning/error messages (HO)
)
("C:\Users\roman\AppData\Local\Programs\MiKTeX 2.9\tex\latex\oberdiek\grfext.st
y"
Package: grfext 2016/05/16 v1.2 Manage graphics extensions (HO)

("C:\Users\roman\AppData\Local\Programs\MiKTeX 2.9\tex\generic\oberdiek\kvdefin
ekeys.sty"
Package: kvdefinekeys 2016/05/16 v1.4 Define keys (HO)

("C:\Users\roman\AppData\Local\Programs\MiKTeX 2.9\tex\generic\oberdiek\ltxcmds
.sty"
Package: ltxcmds 2016/05/16 v1.23 LaTeX kernel commands for general use (HO)
)))
("C:\Users\roman\AppData\Local\Programs\MiKTeX 2.9\tex\latex\oberdiek\kvoptions
.sty"
Package: kvoptions 2016/05/16 v3.12 Key value format for package options (HO)

("C:\Users\roman\AppData\Local\Programs\MiKTeX 2.9\tex\generic\oberdiek\kvsetke
ys.sty"
Package: kvsetkeys 2016/05/16 v1.17 Key value parser (HO)

("C:\Users\roman\AppData\Local\Programs\MiKTeX 2.9\tex\generic\oberdiek\etexcmd
s.sty"
Package: etexcmds 2016/05/16 v1.6 Avoid name clashes with e-TeX commands (HO)

("C:\Users\roman\AppData\Local\Programs\MiKTeX 2.9\tex\generic\oberdiek\ifluate
x.sty"
Package: ifluatex 2016/05/16 v1.4 Provides the ifluatex switch (HO)
Package ifluatex Info: LuaTeX not detected.
)
Package etexcmds Info: Could not find \expanded.
(etexcmds)             That can mean that you are not using pdfTeX 1.50 or
(etexcmds)             that some package has redefined \expanded.
(etexcmds)             In the latter case, load this package earlier.
)))
("C:\Users\roman\AppData\Local\Programs\MiKTeX 2.9\tex\generic\oberdiek\pdftexc
mds.sty"
Package: pdftexcmds 2018/09/10 v0.29 Utility functions of pdfTeX for LuaTeX (HO
)

("C:\Users\roman\AppData\Local\Programs\MiKTeX 2.9\tex\generic\oberdiek\ifpdf.s
ty"
Package: ifpdf 2018/09/07 v3.3 Provides the ifpdf switch
)
Package pdftexcmds Info: LuaTeX not detected.
Package pdftexcmds Info: \pdf@primitive is available.
Package pdftexcmds Info: \pdf@ifprimitive is available.
Package pdftexcmds Info: \pdfdraftmode found.
)
Package epstopdf-base Info: Redefining graphics rule for `.eps' on input line 4
38.
Package grfext Info: Graphics extension search list:
(grfext)             [.pdf,.png,.jpg,.mps,.jpeg,.jbig2,.jb2,.PDF,.PNG,.JPG,.JPE
G,.JBIG2,.JB2,.eps]
(grfext)             \AppendGraphicsExtensions on input line 456.
))
("C:\Users\roman\AppData\Local\Programs\MiKTeX 2.9\tex\latex\tocloft\tocloft.st
y"
Package: tocloft 2017/08/31 v2.3i parameterised ToC, etc., typesetting
Package tocloft Info: The document has section divisions on input line 51.
\cftparskip=\skip48
\cftbeforetoctitleskip=\skip49
\cftaftertoctitleskip=\skip50
\cftbeforepartskip=\skip51
\cftpartnumwidth=\skip52
\cftpartindent=\skip53
\cftbeforesecskip=\skip54
\cftsecindent=\skip55
\cftsecnumwidth=\skip56
\cftbeforesubsecskip=\skip57
\cftsubsecindent=\skip58
\cftsubsecnumwidth=\skip59
\cftbeforesubsubsecskip=\skip60
\cftsubsubsecindent=\skip61
\cftsubsubsecnumwidth=\skip62
\cftbeforeparaskip=\skip63
\cftparaindent=\skip64
\cftparanumwidth=\skip65
\cftbeforesubparaskip=\skip66
\cftsubparaindent=\skip67
\cftsubparanumwidth=\skip68
\cftbeforeloftitleskip=\skip69
\cftafterloftitleskip=\skip70
\cftbeforefigskip=\skip71
\cftfigindent=\skip72
\cftfignumwidth=\skip73
\c@lofdepth=\count129
\c@lotdepth=\count130
\cftbeforelottitleskip=\skip74
\cftafterlottitleskip=\skip75
\cftbeforetabskip=\skip76
\cfttabindent=\skip77
\cfttabnumwidth=\skip78
)
("C:\Users\roman\AppData\Local\Programs\MiKTeX 2.9\tex\latex\pdfpages\pdfpages.
sty"
Package: pdfpages 2017/10/31 v0.5l Insert pages of external PDF documents (AM)

("C:\Users\roman\AppData\Local\Programs\MiKTeX 2.9\tex\latex\base\ifthen.sty"
Package: ifthen 2014/09/29 v1.1c Standard LaTeX ifthen package (DPC)
)
("C:\Users\roman\AppData\Local\Programs\MiKTeX 2.9\tex\latex\tools\calc.sty"
Package: calc 2017/05/25 v4.3 Infix arithmetic (KKT,FJ)
\calc@Acount=\count131
\calc@Bcount=\count132
\calc@Adimen=\dimen124
\calc@Bdimen=\dimen125
\calc@Askip=\skip79
\calc@Bskip=\skip80
LaTeX Info: Redefining \setlength on input line 80.
LaTeX Info: Redefining \addtolength on input line 81.
\calc@Ccount=\count133
\calc@Cskip=\skip81
)
("C:\Users\roman\AppData\Local\Programs\MiKTeX 2.9\tex\latex\eso-pic\eso-pic.st
y"
Package: eso-pic 2018/04/12 v2.0h eso-pic (RN)

("C:\Users\roman\AppData\Local\Programs\MiKTeX 2.9\tex\generic\oberdiek\atbegsh
i.sty"
Package: atbegshi 2016/06/09 v1.18 At begin shipout hook (HO)
))
\AM@pagewidth=\dimen126
\AM@pageheight=\dimen127

("C:\Users\roman\AppData\Local\Programs\MiKTeX 2.9\tex\latex\pdfpages\pppdftex.
def"
File: pppdftex.def 2017/10/31 v0.5l Pdfpages driver for pdfTeX (AM)
)
\AM@pagebox=\box31
\AM@global@opts=\toks28
\AM@toc@title=\toks29
\c@AM@survey=\count134
\AM@templatesizebox=\box32
)
("C:\Users\roman\AppData\Local\Programs\MiKTeX 2.9\tex\latex\fancyhdr\fancyhdr.
sty"
Package: fancyhdr 2019/01/31 v3.10 Extensive control of page headers and footer
s
\f@nch@headwidth=\skip82
\f@nch@O@elh=\skip83
\f@nch@O@erh=\skip84
\f@nch@O@olh=\skip85
\f@nch@O@orh=\skip86
\f@nch@O@elf=\skip87
\f@nch@O@erf=\skip88
\f@nch@O@olf=\skip89
\f@nch@O@orf=\skip90
)
("C:\Users\roman\AppData\Local\Programs\MiKTeX 2.9\tex\latex\lastpage\lastpage.
sty"
Package: lastpage 2015/03/29 v1.2m Refers to last page's name (HMM; JPG)
)
("C:\Users\roman\AppData\Local\Programs\MiKTeX 2.9\tex\latex\geometry\geometry.
sty"
Package: geometry 2018/04/16 v5.8 Page Geometry

("C:\Users\roman\AppData\Local\Programs\MiKTeX 2.9\tex\generic\oberdiek\ifvtex.
sty"
Package: ifvtex 2016/05/16 v1.6 Detect VTeX and its facilities (HO)
Package ifvtex Info: VTeX not detected.
)
("C:\Users\roman\AppData\Local\Programs\MiKTeX 2.9\tex\generic\ifxetex\ifxetex.
sty"
Package: ifxetex 2010/09/12 v0.6 Provides ifxetex conditional
)
\Gm@cnth=\count135
\Gm@cntv=\count136
\c@Gm@tempcnt=\count137
\Gm@bindingoffset=\dimen128
\Gm@wd@mp=\dimen129
\Gm@odd@mp=\dimen130
\Gm@even@mp=\dimen131
\Gm@layoutwidth=\dimen132
\Gm@layoutheight=\dimen133
\Gm@layouthoffset=\dimen134
\Gm@layoutvoffset=\dimen135
\Gm@dimlist=\toks30

("C:\Users\roman\AppData\Local\Programs\MiKTeX 2.9\tex\latex\geometry\geometry.
cfg"))
\FHoffset=\skip91

("C:\Users\roman\AppData\Local\Programs\MiKTeX 2.9\tex\latex\listings\lstlang1.
sty"
File: lstlang1.sty 2018/09/02 1.7 listings language file
)
("C:\Users\roman\AppData\Local\Programs\MiKTeX 2.9\tex\latex\listings\lstlang1.
sty"
File: lstlang1.sty 2018/09/02 1.7 listings language file
)
("C:\Users\roman\AppData\Local\Programs\MiKTeX 2.9\tex\latex\listings\lstlang1.
sty"
File: lstlang1.sty 2018/09/02 1.7 listings language file
)
("C:\Users\roman\AppData\Local\Programs\MiKTeX 2.9\tex\latex\listings\lstmisc.s
ty"
File: lstmisc.sty 2018/09/02 1.7 (Carsten Heinz)
)) (document.tex

LaTeX Warning: Unused global option(s):
    [portrait].

(team.aux
LaTeX Font Info:    Try loading font information for T2A+cmr on input line 3.

("C:\Users\roman\AppData\Local\Programs\MiKTeX 2.9\tex\latex\cyrillic\t2acmr.fd
"
File: t2acmr.fd 2001/08/11 v1.0a Computer Modern Cyrillic font definitions
))
\openout1 = `team.aux'.

LaTeX Font Info:    Checking defaults for OML/cmm/m/it on input line 8.
LaTeX Font Info:    ... okay on input line 8.
LaTeX Font Info:    Checking defaults for T1/cmr/m/n on input line 8.
LaTeX Font Info:    ... okay on input line 8.
LaTeX Font Info:    Checking defaults for OT1/cmr/m/n on input line 8.
LaTeX Font Info:    ... okay on input line 8.
LaTeX Font Info:    Checking defaults for OMS/cmsy/m/n on input line 8.
LaTeX Font Info:    ... okay on input line 8.
LaTeX Font Info:    Checking defaults for OMX/cmex/m/n on input line 8.
LaTeX Font Info:    ... okay on input line 8.
LaTeX Font Info:    Checking defaults for U/cmr/m/n on input line 8.
LaTeX Font Info:    ... okay on input line 8.
LaTeX Font Info:    Checking defaults for T2A/cmr/m/n on input line 8.
LaTeX Font Info:    ... okay on input line 8.
 ("C:\Users\roman\AppData\Local\Programs\MiKTeX 2.9\tex\latex\ucs\ucsencs.def"
File: ucsencs.def 2011/01/21 Fixes to fontencodings LGR, T3
)
\c@lstlisting=\count138

("C:\Users\roman\AppData\Local\Programs\MiKTeX 2.9\tex\context\base\supp-pdf.mk
ii"
[Loading MPS to PDF converter (version 2006.09.02).]
\scratchcounter=\count139
\scratchdimen=\dimen136
\scratchbox=\box33
\nofMPsegments=\count140
\nofMParguments=\count141
\everyMPshowfont=\toks31
\MPscratchCnt=\count142
\MPscratchDim=\dimen137
\MPnumerator=\count143
\makeMPintoPDFobject=\count144
\everyMPtoPDFconversion=\toks32
)
\AtBeginShipoutBox=\box34

("C:\Users\roman\AppData\Local\Programs\MiKTeX 2.9\tex\latex\oberdiek\pdflscape
.sty"
Package: pdflscape 2016/05/14 v0.11 Display of landscape pages in PDF (HO)

("C:\Users\roman\AppData\Local\Programs\MiKTeX 2.9\tex\latex\graphics\lscape.st
y"
Package: lscape 2000/10/22 v3.01 Landscape Pages (DPC)
)
Package pdflscape Info: Auto-detected driver: pdftex on input line 81.
)
Package lastpage Info: Please have a look at the pageslts package at
(lastpage)             https://www.ctan.org/pkg/pageslts
(lastpage)             ! on input line 8.

*geometry* driver: auto-detecting
*geometry* detected driver: pdftex
*geometry* verbose mode - [ preamble ] result:
* driver: pdftex
* paper: a4paper
* layout: <same size as paper>
* layoutoffset:(h,v)=(0.0pt,0.0pt)
* modes: 
* h-part:(L,W,R)=(28.45274pt, 540.60239pt, 28.45274pt)
* v-part:(T,H,B)=(56.9055pt, 751.15277pt, 36.98857pt)
* \paperwidth=597.50787pt
* \paperheight=845.04684pt
* \textwidth=540.60239pt
* \textheight=751.15277pt
* \oddsidemargin=-43.81725pt
* \evensidemargin=-43.81725pt
* \topmargin=-52.36449pt
* \headheight=12.0pt
* \headsep=25.0pt
* \topskip=10.0pt
* \footskip=30.0pt
* \marginparwidth=4.0pt
* \marginparsep=10.0pt
* \columnsep=25.0pt
* \skip\footins=9.0pt plus 4.0pt minus 2.0pt
* \hoffset=0.0pt
* \voffset=0.0pt
* \mag=1000
* \@twocolumntrue
* \@twosidefalse
* \@mparswitchfalse
* \@reversemarginfalse
* (1in=72.27pt=25.4mm, 1cm=28.453pt)

(team.toc
LaTeX Font Info:    Try loading font information for U+msa on input line 2.

("C:\Users\roman\AppData\Local\Programs\MiKTeX 2.9\tex\latex\amsfonts\umsa.fd"
File: umsa.fd 2013/01/14 v3.01 AMS symbols A
)
LaTeX Font Info:    Try loading font information for U+msb on input line 2.
("C:\Users\roman\AppData\Local\Programs\MiKTeX 2.9\tex\latex\amsfonts\umsb.fd"
File: umsb.fd 2013/01/14 v3.01 AMS symbols B
))
\tf@toc=\write4
\openout4 = `team.toc'.

 (final/template/template.cpp
LaTeX Font Info:    Try loading font information for T2A+cmtt on input line 5.

("C:\Users\roman\AppData\Local\Programs\MiKTeX 2.9\tex\latex\cyrillic\t2acmtt.f
d"
File: t2acmtt.fd 2001/08/11 v1.0a Computer Modern Cyrillic font definitions
)) (practice.tex
LaTeX Font Info:    Try loading font information for OMS+cmr on input line 2.

("C:\Users\roman\AppData\Local\Programs\MiKTeX 2.9\tex\latex\base\omscmr.fd"
File: omscmr.fd 2014/09/29 v2.5h Standard LaTeX font definitions
)
LaTeX Font Info:    Font shape `OMS/cmr/m/n' in size <10> not available
(Font)              Font shape `OMS/cmsy/m/n' tried instead on input line 2.

("C:\Users\roman\AppData\Local\Programs\MiKTeX 2.9\tex\latex\ucs\uni-4.def"
File: uni-4.def 2013/05/13 UCS: Unicode data U+0400..U+04FF
))
[1{C:/Users/roman/AppData/Local/MiKTeX/2.9/pdftex/config/pdftex.map}

]
(final/stuff/debug.cpp
LaTeX Font Info:    Font shape `OMS/cmr/m/n' in size <7> not available
(Font)              Font shape `OMS/cmsy/m/n' tried instead on input line 14.
) (final/template/fastIO.cpp)
(final/template/optimizations.cpp) (final/template/useful.cpp)
(final/template/Template.java [2]) (final/template/bitset.cpp)
(final/template/treapNoRec.cpp) [3] (final/numeric/fft.cpp
Underfull \vbox (badness 3635) has occurred while \output is active []

)
(final/numeric/fst.cpp [4]) (final/numeric/fftint.cpp)
(final/numeric/berlekamp.cpp [5]) (final/numeric/blackbox.cpp)
(final/numeric/crt.cpp) (final/numeric/extendedgcd.cpp)
(final/numeric/mulMod.cpp) (final/numeric/modReverse.cpp)
(final/numeric/pollard.cpp [6]) (final/numeric/poly.cpp
Underfull \vbox (badness 10000) has occurred while \output is active []

 [7])
(final/numeric/simplex.cpp) (final/numeric/sumLine.cpp)
(final/numeric/integrate.cpp) (final/numeric/rootsPolynom.cpp [8])
(final/numeric/phiFunction.cpp) (final/numeric/partition.cpp)
Overfull \hbox (5.24298pt too wide) in paragraph at lines 50--50
|[]\T2A/cmr/bx/n/14.4 final/geom/commonTangents.cpp| 
 []

(final/geom/commonTangents.cpp)
Overfull \hbox (29.68831pt too wide) in paragraph at lines 51--51
|[]\T2A/cmr/bx/n/14.4 final/geom/halfplaneIntersection.cpp| 
 []

(final/geom/halfplaneIntersection.cpp [9]) (final/geom/minDisc.cpp)
Underfull \hbox (badness 10000) in paragraph at lines 53--53
|[]\T2A/cmr/bx/n/14.4 final/geom/convexHull3D-
 []

(final/geom/convexHull3D-N2.cpp) (final/geom/convexDynamic.cpp [10])
(final/geom/polygonArcCut.cpp) (final/geom/polygonTangent.cpp)
(final/geom/checkPlaneInt.cpp [11]) (final/geom/furthestPoints.cpp)
(final/geom/chtDynamic.cpp) (final/geom/rotate3D.cpp)
(final/geom/circleInter.cpp)
Overfull \hbox (6.0064pt too wide) in paragraph at lines 62--62
|[]\T2A/cmr/bx/n/14.4 final/geom/sphericalDistance.cpp| 
 []

(final/geom/sphericalDistance.cpp) (final/geom/delaunayN4.cpp [12])
(final/strings/eertree.cpp) (final/strings/manacher.cpp)
(final/strings/sufAutomaton.cpp [13]) (final/strings/sufTree.cpp)
(final/strings/sufArray.cpp) (final/strings/sufArrayLinear.cpp [14]
Underfull \vbox (badness 10000) has occurred while \output is active []

)
(final/strings/duval.cpp) [15] (final/graphs/alphaBetta.cpp)
(final/graphs/dominatorTree.cpp)
Overfull \hbox (10.2285pt too wide) in paragraph at lines 77--77
|[]\T2A/cmr/bx/n/14.4 final/graphs/generalMatching.cpp| 
 []

(final/graphs/generalMatching.cpp [16]) (final/graphs/heavyLight.cpp)
(final/graphs/hungary.cpp) (final/graphs/minCost.cpp [17])
Overfull \hbox (18.84557pt too wide) in paragraph at lines 81--81
|[]\T2A/cmr/bx/n/14.4 final/graphs/minCostNegCycle.cpp| 
 []

(final/graphs/minCostNegCycle.cpp
Underfull \vbox (badness 10000) has occurred while \output is active []

 [18])
(final/graphs/retro.cpp) (final/graphs/mincut.cpp)
Overfull \hbox (2.42744pt too wide) in paragraph at lines 85--85
|[]\T2A/cmr/bx/n/14.4 final/graphs/twoChineseFast.cpp| 
 []

(final/graphs/twoChineseFast.cpp [19]) (final/graphs/linkcut.cpp
Underfull \vbox (badness 10000) has occurred while \output is active []

 [20])
(final/graphs/chordaltree.cpp) (final/graphs/minimization.cpp)
Overfull \hbox (31.30923pt too wide) in paragraph at lines 89--89
|[]\T2A/cmr/bx/n/14.4 final/graphs/matroidIntersection.cpp| 
 []

(final/graphs/matroidIntersection.cpp [21]) (final/graphs/compressTree.cpp)
(knowledge.tex
Underfull \hbox (badness 10000) in paragraph at lines 4--5
[]\T2A/cmtt/m/n/10 dbl Simpson() { return (F(-1) + 4 * F(0) +
 []


Underfull \hbox (badness 10000) in paragraph at lines 6--7
[]\T2A/cmtt/m/n/10 dbl Runge2() { return (F(-sqrtl(1.0 / 3)) +
 []


Underfull \hbox (badness 10000) in paragraph at lines 8--11
[]\T2A/cmtt/m/n/10 dbl Runge3() { return (F(-sqrtl(3.0 / 5)) * 5 +
 []


Underfull \hbox (badness 10000) in paragraph at lines 53--54
[]\T2A/cmtt/m/n/10 mat[a][a]++, mat[b][b]++, mat[a][b]--,
 []

[22]
Underfull \hbox (badness 10000) in paragraph at lines 89--96
[]\T2A/cmr/m/n/10 Фибоначчи 45: 1134903170 46: 1836311903
 []


Underfull \hbox (badness 10000) in paragraph at lines 89--96
\T2A/cmr/m/n/10 47: 2971215073 91: 4660046610375530309 92:
 []


Underfull \hbox (badness 10000) in paragraph at lines 97--112
[]\T2A/cmr/m/n/10 Числа с ку-чей де-ли-те-лей 20: d(12)=6 50:
 []


Underfull \hbox (badness 10000) in paragraph at lines 97--112
\T2A/cmr/m/n/10 d(48)=10 100: d(60)=12 1000: d(840)=32 $\OT1/cmr/m/n/10 10[]$\T
2A/cmr/m/n/10 :
 []


Underfull \hbox (badness 10000) in paragraph at lines 97--112
\T2A/cmr/m/n/10 d(9240)=64 $\OT1/cmr/m/n/10 10[]$\T2A/cmr/m/n/10 : d(83160)=128
 $\OT1/cmr/m/n/10 10[]$\T2A/cmr/m/n/10 : d(720720)=240
 []


Underfull \hbox (badness 10000) in paragraph at lines 97--112
\OT1/cmr/m/n/10 10[]$\T2A/cmr/m/n/10 : d(8648640)=448 $\OT1/cmr/m/n/10 10[]$\T2
A/cmr/m/n/10 : d(91891800)=768 $\OT1/cmr/m/n/10 10[]$\T2A/cmr/m/n/10 :
 []


Underfull \hbox (badness 10000) in paragraph at lines 97--112
\T2A/cmr/m/n/10 d(931170240)=1344 $\OT1/cmr/m/n/10 10[]$\T2A/cmr/m/n/10 : d(977
72875200)=4032 $\OT1/cmr/m/n/10 10[]$\T2A/cmr/m/n/10 :
 []


Underfull \hbox (badness 1231) in paragraph at lines 97--112
\T2A/cmr/m/n/10 d(963761198400)=6720 $\OT1/cmr/m/n/10 10[]$\T2A/cmr/m/n/10 : d(
866421317361600)=26880
 []


Underfull \hbox (badness 1990) in paragraph at lines 116--121
[]\T2A/cmr/m/n/10 0:1, 1:1, 2:2, 3:5, 4:15, 5:52, 6:203, 7:877, 8:4140,
 []


Underfull \hbox (badness 10000) in paragraph at lines 116--121
\T2A/cmr/m/n/10 14:190899322, 15:1382958545, 16:10480142147,
 []


Underfull \hbox (badness 10000) in paragraph at lines 116--121
\T2A/cmr/m/n/10 17:82864869804, 18:682076806159, 19:5832742205057,
 []


Underfull \hbox (badness 10000) in paragraph at lines 116--121
\T2A/cmr/m/n/10 20:51724158235372, 21:474869816156751,
 []


Underfull \hbox (badness 3460) in paragraph at lines 125--130
\T2A/cmr/m/n/10 10:16796, 11:58786, 12:208012, 13:742900, 14:2674440,
 []


Underfull \hbox (badness 6995) in paragraph at lines 125--130
\T2A/cmr/m/n/10 15:9694845, 16:35357670, 17:129644790, 18:477638700,
 []


Underfull \hbox (badness 10000) in paragraph at lines 125--130
\T2A/cmr/m/n/10 19:1767263190, 20:6564120420, 21:24466267020,
 []


Underfull \hbox (badness 10000) in paragraph at lines 125--130
\T2A/cmr/m/n/10 22:91482563640, 23:343059613650, 24:1289904147324,
 []


Underfull \hbox (badness 2229) in paragraph at lines 134--135
[]\T2A/cmr/m/n/10 0:1, 1:1, 2:2, 3:3, 4:5, 5:7, 6:11, 7:15, 8:22, 9:30,
 []


Underfull \hbox (badness 1565) in paragraph at lines 169--171
[]$\OML/cmm/m/it/10 M[] \OT1/cmr/m/n/10 = \OML/cmm/m/it/10 M[] \OT1/cmr/m/n/10 
+ [][] [] = []\OML/cmm/m/it/10 M[] \OT1/cmr/m/n/10 +
 []

) [23]

pdfTeX warning: pdflatex.exe (file ./final/stuff/integralTable.pdf): PDF inclus
ion: found PDF version <1.7>, but at most version <1.5> allowed
<final/stuff/integralTable.pdf, id=91, 767.86874pt x 993.7125pt>
File: final/stuff/integralTable.pdf Graphic file (type pdf)
<use final/stuff/integralTable.pdf>
Package pdftex.def Info: final/stuff/integralTable.pdf  used on input line 99.
(pdftex.def)             Requested size: 767.86687pt x 993.71007pt.


pdfTeX warning: pdflatex.exe (file ./final/stuff/integralTable.pdf): PDF inclus
ion: found PDF version <1.7>, but at most version <1.5> allowed
File: final/stuff/integralTable.pdf Graphic file (type pdf)
<use final/stuff/integralTable.pdf>
Package pdftex.def Info: final/stuff/integralTable.pdf  used on input line 99.
(pdftex.def)             Requested size: 767.86687pt x 993.71007pt.


pdfTeX warning: pdflatex.exe (file ./final/stuff/integralTable.pdf): PDF inclus
ion: found PDF version <1.7>, but at most version <1.5> allowed


pdfTeX warning: pdflatex.exe (file ./final/stuff/integralTable.pdf): PDF inclus
ion: found PDF version <1.7>, but at most version <1.5> allowed
<final/stuff/integralTable.pdf, id=94, page=1, 767.86874pt x 993.7125pt>
File: final/stuff/integralTable.pdf Graphic file (type pdf)
<use final/stuff/integralTable.pdf, page 1>
Package pdftex.def Info: final/stuff/integralTable.pdf , page1 used on input li
ne 99.
(pdftex.def)             Requested size: 767.86687pt x 993.71007pt.
File: final/stuff/integralTable.pdf Graphic file (type pdf)
<use final/stuff/integralTable.pdf, page 1>
Package pdftex.def Info: final/stuff/integralTable.pdf , page1 used on input li
ne 99.
(pdftex.def)             Requested size: 598.17363pt x 774.10706pt.
File: final/stuff/integralTable.pdf Graphic file (type pdf)
<use final/stuff/integralTable.pdf, page 1>
Package pdftex.def Info: final/stuff/integralTable.pdf , page1 used on input li
ne 99.
(pdftex.def)             Requested size: 598.17363pt x 774.10706pt.
File: final/stuff/integralTable.pdf Graphic file (type pdf)
<use final/stuff/integralTable.pdf, page 1>
Package pdftex.def Info: final/stuff/integralTable.pdf , page1 used on input li
ne 99.
(pdftex.def)             Requested size: 598.17363pt x 774.10706pt.
File: final/stuff/integralTable.pdf Graphic file (type pdf)
<use final/stuff/integralTable.pdf, page 1>
Package pdftex.def Info: final/stuff/integralTable.pdf , page1 used on input li
ne 99.
(pdftex.def)             Requested size: 598.17363pt x 774.10706pt.
[24 <./final/stuff/integralTable.pdf>]

pdfTeX warning: pdflatex.exe (file ./final/stuff/integralTable.pdf): PDF inclus
ion: found PDF version <1.7>, but at most version <1.5> allowed
<final/stuff/integralTable.pdf, id=174, page=2, 767.86874pt x 993.7125pt>
File: final/stuff/integralTable.pdf Graphic file (type pdf)
<use final/stuff/integralTable.pdf, page 2>
Package pdftex.def Info: final/stuff/integralTable.pdf , page2 used on input li
ne 99.
(pdftex.def)             Requested size: 598.17363pt x 774.10706pt.
File: final/stuff/integralTable.pdf Graphic file (type pdf)
<use final/stuff/integralTable.pdf, page 2>
Package pdftex.def Info: final/stuff/integralTable.pdf , page2 used on input li
ne 99.
(pdftex.def)             Requested size: 598.17363pt x 774.10706pt.
File: final/stuff/integralTable.pdf Graphic file (type pdf)
<use final/stuff/integralTable.pdf, page 2>
Package pdftex.def Info: final/stuff/integralTable.pdf , page2 used on input li
ne 99.
(pdftex.def)             Requested size: 598.17363pt x 774.10706pt.
[25 <./final/stuff/integralTable.pdf>] 
AED: lastpage setting LastPage
(team.aux) ) ) 
Here is how much of TeX's memory you used:
 10226 strings out of 492970
 143004 string characters out of 3126595
 1435297 words of memory out of 3000000
 13707 multiletter control sequences out of 15000+200000
 12332 words of font info for 32 fonts, out of 3000000 for 9000
 1141 hyphenation exceptions out of 8191
 44i,18n,67p,373b,944s stack positions out of 5000i,500n,10000p,200000b,50000s
{C:/Users/roman/AppData/Local/Programs/MiKTeX 2.9/fonts/enc/dvips
/cm-super/cm-super-t2a.enc}<C:/Users/roman/AppData/Local/Programs/MiKTeX 2.9/fo
nts/type1/public/amsfonts/cm/cmbx9.pfb><C:/Users/roman/AppData/Local/Programs/M
iKTeX 2.9/fonts/type1/public/amsfonts/cm/cmex10.pfb><C:/Users/roman/AppData/Loc
al/Programs/MiKTeX 2.9/fonts/type1/public/amsfonts/cmextra/cmex7.pfb><C:/Users/
roman/AppData/Local/Programs/MiKTeX 2.9/fonts/type1/public/amsfonts/cmextra/cme
x9.pfb><C:/Users/roman/AppData/Local/Programs/MiKTeX 2.9/fonts/type1/public/ams
fonts/cm/cmmi10.pfb><C:/Users/roman/AppData/Local/Programs/MiKTeX 2.9/fonts/typ
e1/public/amsfonts/cm/cmmi5.pfb><C:/Users/roman/AppData/Local/Programs/MiKTeX 2
.9/fonts/type1/public/amsfonts/cm/cmmi6.pfb><C:/Users/roman/AppData/Local/Progr
ams/MiKTeX 2.9/fonts/type1/public/amsfonts/cm/cmmi7.pfb><C:/Users/roman/AppData
/Local/Programs/MiKTeX 2.9/fonts/type1/public/amsfonts/cm/cmmi9.pfb><C:/Users/r
oman/AppData/Local/Programs/MiKTeX 2.9/fonts/type1/public/amsfonts/cm/cmr10.pfb
><C:/Users/roman/AppData/Local/Programs/MiKTeX 2.9/fonts/type1/public/amsfonts/
cm/cmr17.pfb><C:/Users/roman/AppData/Local/Programs/MiKTeX 2.9/fonts/type1/publ
ic/amsfonts/cm/cmr5.pfb><C:/Users/roman/AppData/Local/Programs/MiKTeX 2.9/fonts
/type1/public/amsfonts/cm/cmr6.pfb><C:/Users/roman/AppData/Local/Programs/MiKTe
X 2.9/fonts/type1/public/amsfonts/cm/cmr7.pfb><C:/Users/roman/AppData/Local/Pro
grams/MiKTeX 2.9/fonts/type1/public/amsfonts/cm/cmr9.pfb><C:/Users/roman/AppDat
a/Local/Programs/MiKTeX 2.9/fonts/type1/public/amsfonts/cm/cmsy10.pfb><C:/Users
/roman/AppData/Local/Programs/MiKTeX 2.9/fonts/type1/public/amsfonts/cm/cmsy5.p
fb><C:/Users/roman/AppData/Local/Programs/MiKTeX 2.9/fonts/type1/public/amsfont
s/cm/cmsy6.pfb><C:/Users/roman/AppData/Local/Programs/MiKTeX 2.9/fonts/type1/pu
blic/amsfonts/cm/cmsy7.pfb><C:/Users/roman/AppData/Local/Programs/MiKTeX 2.9/fo
nts/type1/public/amsfonts/cm/cmsy9.pfb><C:/Users/roman/AppData/Local/Programs/M
iKTeX 2.9/fonts/type1/public/amsfonts/cm/cmtt9.pfb><C:/Users/roman/AppData/Loca
l/Programs/MiKTeX 2.9/fonts/type1/public/cm-super/sfbx1000.pfb><C:/Users/roman/
AppData/Local/Programs/MiKTeX 2.9/fonts/type1/public/cm-super/sfbx1440.pfb><C:/
Users/roman/AppData/Local/Programs/MiKTeX 2.9/fonts/type1/public/cm-super/sfrm0
600.pfb><C:/Users/roman/AppData/Local/Programs/MiKTeX 2.9/fonts/type1/public/cm
-super/sfrm0700.pfb><C:/Users/roman/AppData/Local/Programs/MiKTeX 2.9/fonts/typ
e1/public/cm-super/sfrm0900.pfb><C:/Users/roman/AppData/Local/Programs/MiKTeX 2
.9/fonts/type1/public/cm-super/sfrm1000.pfb><C:/Users/roman/AppData/Local/Progr
ams/MiKTeX 2.9/fonts/type1/public/cm-super/sfrm1200.pfb><C:/Users/roman/AppData
/Local/Programs/MiKTeX 2.9/fonts/type1/public/cm-super/sftt0800.pfb><C:/Users/r
oman/AppData/Local/Programs/MiKTeX 2.9/fonts/type1/public/cm-super/sftt1000.pfb
>
Output written on team.pdf (25 pages, 663601 bytes).
PDF statistics:
 244 PDF objects out of 1000 (max. 8388607)
 0 named destinations out of 1000 (max. 500000)
 26 words of extra memory for PDF output out of 10000 (max. 10000000)

